{"C:\\Users\\elocv\\Documents\\a lot of everything\\coding stuff\\node_stuff\\espruino_osc_server\\src\\osc_util.ts": {"path":"C:\\Users\\elocv\\Documents\\a lot of everything\\coding stuff\\node_stuff\\espruino_osc_server\\src\\osc_util.ts","statementMap":{"0":{"start":{"line":1,"column":0},"end":{"line":1,"column":41}},"1":{"start":{"line":4,"column":20},"end":{"line":4,"column":24}},"2":{"start":{"line":7,"column":2},"end":{"line":7,"column":37}},"3":{"start":{"line":6,"column":0},"end":{"line":6,"column":16}},"4":{"start":{"line":11,"column":18},"end":{"line":11,"column":44}},"5":{"start":{"line":12,"column":2},"end":{"line":14,"column":5}},"6":{"start":{"line":13,"column":4},"end":{"line":13,"column":24}},"7":{"start":{"line":16,"column":2},"end":{"line":16,"column":17}},"8":{"start":{"line":10,"column":0},"end":{"line":10,"column":16}},"9":{"start":{"line":20,"column":19},"end":{"line":20,"column":24}},"10":{"start":{"line":22,"column":2},"end":{"line":27,"column":5}},"11":{"start":{"line":23,"column":4},"end":{"line":26,"column":null}},"12":{"start":{"line":24,"column":6},"end":{"line":24,"column":25}},"13":{"start":{"line":25,"column":6},"end":{"line":25,"column":24}},"14":{"start":{"line":29,"column":2},"end":{"line":31,"column":null}},"15":{"start":{"line":30,"column":4},"end":{"line":30,"column":17}},"16":{"start":{"line":33,"column":2},"end":{"line":33,"column":60}},"17":{"start":{"line":34,"column":2},"end":{"line":34,"column":14}},"18":{"start":{"line":19,"column":0},"end":{"line":19,"column":16}},"19":{"start":{"line":41,"column":19},"end":{"line":41,"column":24}},"20":{"start":{"line":42,"column":14},"end":{"line":42,"column":45}},"21":{"start":{"line":44,"column":2},"end":{"line":49,"column":5}},"22":{"start":{"line":45,"column":4},"end":{"line":48,"column":null}},"23":{"start":{"line":46,"column":6},"end":{"line":46,"column":25}},"24":{"start":{"line":47,"column":6},"end":{"line":47,"column":24}},"25":{"start":{"line":51,"column":2},"end":{"line":53,"column":null}},"26":{"start":{"line":52,"column":4},"end":{"line":52,"column":17}},"27":{"start":{"line":55,"column":2},"end":{"line":55,"column":60}},"28":{"start":{"line":56,"column":2},"end":{"line":56,"column":14}},"29":{"start":{"line":37,"column":0},"end":{"line":37,"column":16}},"30":{"start":{"line":59,"column":0},"end":{"line":63,"column":2}}},"fnMap":{"0":{"name":"newCablesClient","decl":{"start":{"line":6,"column":16},"end":{"line":6,"column":31}},"loc":{"start":{"line":6,"column":42},"end":{"line":8,"column":1}}},"1":{"name":"constructOSCMessage","decl":{"start":{"line":10,"column":16},"end":{"line":10,"column":35}},"loc":{"start":{"line":10,"column":67},"end":{"line":17,"column":1}}},"2":{"name":"(anonymous_2)","decl":{"start":{"line":12,"column":24},"end":{"line":12,"column":27}},"loc":{"start":{"line":12,"column":30},"end":{"line":14,"column":3}}},"3":{"name":"sendOSCMessage","decl":{"start":{"line":19,"column":16},"end":{"line":19,"column":30}},"loc":{"start":{"line":19,"column":59},"end":{"line":35,"column":1}}},"4":{"name":"(anonymous_4)","decl":{"start":{"line":22,"column":19},"end":{"line":22,"column":22}},"loc":{"start":{"line":22,"column":25},"end":{"line":27,"column":3}}},"5":{"name":"constructAndSendOSCMessage","decl":{"start":{"line":37,"column":16},"end":{"line":37,"column":42}},"loc":{"start":{"line":39,"column":16},"end":{"line":57,"column":1}}},"6":{"name":"(anonymous_6)","decl":{"start":{"line":44,"column":19},"end":{"line":44,"column":22}},"loc":{"start":{"line":44,"column":25},"end":{"line":49,"column":3}}}},"branchMap":{"0":{"loc":{"start":{"line":23,"column":4},"end":{"line":26,"column":null}},"type":"if","locations":[{"start":{"line":23,"column":4},"end":{"line":26,"column":null}}]},"1":{"loc":{"start":{"line":29,"column":2},"end":{"line":31,"column":null}},"type":"if","locations":[{"start":{"line":29,"column":2},"end":{"line":31,"column":null}}]},"2":{"loc":{"start":{"line":45,"column":4},"end":{"line":48,"column":null}},"type":"if","locations":[{"start":{"line":45,"column":4},"end":{"line":48,"column":null}}]},"3":{"loc":{"start":{"line":51,"column":2},"end":{"line":53,"column":null}},"type":"if","locations":[{"start":{"line":51,"column":2},"end":{"line":53,"column":null}}]}},"s":{"0":1,"1":1,"2":0,"3":1,"4":1,"5":1,"6":1,"7":1,"8":1,"9":0,"10":0,"11":0,"12":0,"13":0,"14":0,"15":0,"16":0,"17":0,"18":1,"19":0,"20":0,"21":0,"22":0,"23":0,"24":0,"25":0,"26":0,"27":0,"28":0,"29":1,"30":1},"f":{"0":0,"1":1,"2":1,"3":0,"4":0,"5":0,"6":0},"b":{"0":[0],"1":[0],"2":[0],"3":[0]}}
,"C:\\Users\\elocv\\Documents\\a lot of everything\\coding stuff\\node_stuff\\espruino_osc_server\\src\\util.ts": {"path":"C:\\Users\\elocv\\Documents\\a lot of everything\\coding stuff\\node_stuff\\espruino_osc_server\\src\\util.ts","statementMap":{"0":{"start":{"line":12,"column":13},"end":{"line":12,"column":42}},"1":{"start":{"line":17,"column":25},"end":{"line":19,"column":23}},"2":{"start":{"line":18,"column":2},"end":{"line":19,"column":23}},"3":{"start":{"line":17,"column":13},"end":{"line":17,"column":25}},"4":{"start":{"line":22,"column":25},"end":{"line":25,"column":18}},"5":{"start":{"line":23,"column":2},"end":{"line":25,"column":18}},"6":{"start":{"line":22,"column":13},"end":{"line":22,"column":25}},"7":{"start":{"line":40,"column":26},"end":{"line":40,"column":59}},"8":{"start":{"line":42,"column":25},"end":{"line":42,"column":33}},"9":{"start":{"line":43,"column":53},"end":{"line":43,"column":55}},"10":{"start":{"line":45,"column":2},"end":{"line":64,"column":null}},"11":{"start":{"line":46,"column":25},"end":{"line":46,"column":26}},"12":{"start":{"line":50,"column":16},"end":{"line":50,"column":37}},"13":{"start":{"line":53,"column":4},"end":{"line":55,"column":null}},"14":{"start":{"line":54,"column":6},"end":{"line":54,"column":36}},"15":{"start":{"line":58,"column":4},"end":{"line":60,"column":null}},"16":{"start":{"line":59,"column":6},"end":{"line":59,"column":37}},"17":{"start":{"line":63,"column":4},"end":{"line":63,"column":26}},"18":{"start":{"line":66,"column":2},"end":{"line":69,"column":4}},"19":{"start":{"line":36,"column":0},"end":{"line":36,"column":16}},"20":{"start":{"line":75,"column":26},"end":{"line":75,"column":59}},"21":{"start":{"line":77,"column":25},"end":{"line":77,"column":33}},"22":{"start":{"line":78,"column":53},"end":{"line":78,"column":55}},"23":{"start":{"line":80,"column":2},"end":{"line":97,"column":null}},"24":{"start":{"line":81,"column":25},"end":{"line":81,"column":26}},"25":{"start":{"line":86,"column":4},"end":{"line":88,"column":null}},"26":{"start":{"line":87,"column":6},"end":{"line":87,"column":54}},"27":{"start":{"line":91,"column":4},"end":{"line":93,"column":null}},"28":{"start":{"line":92,"column":6},"end":{"line":92,"column":55}},"29":{"start":{"line":96,"column":4},"end":{"line":96,"column":44}},"30":{"start":{"line":99,"column":2},"end":{"line":99,"column":31}},"31":{"start":{"line":74,"column":0},"end":{"line":74,"column":16}},"32":{"start":{"line":102,"column":0},"end":{"line":102,"column":16}},"33":{"start":{"line":104,"column":0},"end":{"line":104,"column":16}},"34":{"start":{"line":108,"column":0},"end":{"line":108,"column":66}}},"fnMap":{"0":{"name":"(anonymous_0)","decl":{"start":{"line":17,"column":25},"end":{"line":17,"column":26}},"loc":{"start":{"line":18,"column":2},"end":{"line":19,"column":23}}},"1":{"name":"(anonymous_1)","decl":{"start":{"line":22,"column":25},"end":{"line":22,"column":26}},"loc":{"start":{"line":23,"column":2},"end":{"line":25,"column":18}}},"2":{"name":"ParseSerialMessage","decl":{"start":{"line":36,"column":16},"end":{"line":36,"column":34}},"loc":{"start":{"line":38,"column":20},"end":{"line":73,"column":1}}},"3":{"name":"ParseSerialMessageToBundle","decl":{"start":{"line":74,"column":16},"end":{"line":74,"column":42}},"loc":{"start":{"line":74,"column":54},"end":{"line":100,"column":1}}},"4":{"name":"DisplayParsedSerialMessage","decl":{"start":{"line":102,"column":16},"end":{"line":102,"column":42}},"loc":{"start":{"line":102,"column":42},"end":{"line":102,"column":47}}},"5":{"name":"castMessageToAllClients","decl":{"start":{"line":104,"column":16},"end":{"line":104,"column":39}},"loc":{"start":{"line":104,"column":71},"end":{"line":104,"column":75}}}},"branchMap":{"0":{"loc":{"start":{"line":18,"column":2},"end":{"line":19,"column":23}},"type":"binary-expr","locations":[{"start":{"line":18,"column":3},"end":{"line":18,"column":26}},{"start":{"line":18,"column":31},"end":{"line":18,"column":54}},{"start":{"line":18,"column":58},"end":{"line":18,"column":75}},{"start":{"line":19,"column":2},"end":{"line":19,"column":23}}]},"1":{"loc":{"start":{"line":23,"column":2},"end":{"line":25,"column":18}},"type":"binary-expr","locations":[{"start":{"line":23,"column":3},"end":{"line":23,"column":27}},{"start":{"line":24,"column":5},"end":{"line":24,"column":28}},{"start":{"line":24,"column":32},"end":{"line":24,"column":49}},{"start":{"line":25,"column":3},"end":{"line":25,"column":18}}]},"2":{"loc":{"start":{"line":53,"column":4},"end":{"line":55,"column":null}},"type":"if","locations":[{"start":{"line":53,"column":4},"end":{"line":55,"column":null}}]},"3":{"loc":{"start":{"line":58,"column":4},"end":{"line":60,"column":null}},"type":"if","locations":[{"start":{"line":58,"column":4},"end":{"line":60,"column":null}}]},"4":{"loc":{"start":{"line":86,"column":4},"end":{"line":88,"column":null}},"type":"if","locations":[{"start":{"line":86,"column":4},"end":{"line":88,"column":null}}]},"5":{"loc":{"start":{"line":91,"column":4},"end":{"line":93,"column":null}},"type":"if","locations":[{"start":{"line":91,"column":4},"end":{"line":93,"column":null}}]}},"s":{"0":1,"1":1,"2":1,"3":1,"4":1,"5":1,"6":1,"7":1,"8":1,"9":1,"10":1,"11":1,"12":1,"13":1,"14":1,"15":1,"16":1,"17":1,"18":1,"19":1,"20":0,"21":0,"22":0,"23":0,"24":0,"25":0,"26":0,"27":0,"28":0,"29":0,"30":0,"31":1,"32":1,"33":1,"34":1},"f":{"0":1,"1":1,"2":1,"3":0,"4":0,"5":0},"b":{"0":[1,1,1,1],"1":[1,1,1,1],"2":[1],"3":[1],"4":[0],"5":[0]}}
}
