TN:
SF:src\osc_util.ts
FN:6,newCablesClient
FN:10,constructOSCMessage
FN:12,(anonymous_2)
FN:19,sendOSCMessage
FN:22,(anonymous_4)
FN:37,constructAndSendOSCMessage
FN:44,(anonymous_6)
FNF:7
FNH:2
FNDA:0,newCablesClient
FNDA:1,constructOSCMessage
FNDA:1,(anonymous_2)
FNDA:0,sendOSCMessage
FNDA:0,(anonymous_4)
FNDA:0,constructAndSendOSCMessage
FNDA:0,(anonymous_6)
DA:1,1
DA:4,1
DA:6,1
DA:7,0
DA:10,1
DA:11,1
DA:12,1
DA:13,1
DA:16,1
DA:19,1
DA:20,0
DA:22,0
DA:23,0
DA:24,0
DA:25,0
DA:29,0
DA:30,0
DA:33,0
DA:34,0
DA:37,1
DA:41,0
DA:42,0
DA:44,0
DA:45,0
DA:46,0
DA:47,0
DA:51,0
DA:52,0
DA:55,0
DA:56,0
DA:59,1
LF:31
LH:11
BRDA:23,0,0,0
BRDA:29,1,0,0
BRDA:45,2,0,0
BRDA:51,3,0,0
BRF:4
BRH:0
end_of_record
TN:
SF:src\util.ts
FN:17,(anonymous_0)
FN:22,(anonymous_1)
FN:36,ParseSerialMessage
FN:74,ParseSerialMessageToBundle
FN:102,DisplayParsedSerialMessage
FN:104,castMessageToAllClients
FNF:6
FNH:3
FNDA:1,(anonymous_0)
FNDA:1,(anonymous_1)
FNDA:1,ParseSerialMessage
FNDA:0,ParseSerialMessageToBundle
FNDA:0,DisplayParsedSerialMessage
FNDA:0,castMessageToAllClients
DA:12,1
DA:17,1
DA:18,1
DA:22,1
DA:23,1
DA:36,1
DA:40,1
DA:42,1
DA:43,1
DA:45,1
DA:46,1
DA:50,1
DA:53,1
DA:54,1
DA:58,1
DA:59,1
DA:63,1
DA:66,1
DA:74,1
DA:75,0
DA:77,0
DA:78,0
DA:80,0
DA:81,0
DA:86,0
DA:87,0
DA:91,0
DA:92,0
DA:96,0
DA:99,0
DA:102,1
DA:104,1
DA:108,1
LF:33
LH:22
BRDA:18,0,0,1
BRDA:18,0,1,1
BRDA:18,0,2,1
BRDA:18,0,3,1
BRDA:23,1,0,1
BRDA:23,1,1,1
BRDA:23,1,2,1
BRDA:23,1,3,1
BRDA:53,2,0,1
BRDA:58,3,0,1
BRDA:86,4,0,0
BRDA:91,5,0,0
BRF:12
BRH:10
end_of_record
